20160217 12:10:35 - successfully sent the mail: audit ciccio
20160217 12:11:57 - successfully sent the mail: Autopsy fabrizio
20160217 12:16:44 - successfully sent the mail: Chainbreaker fabrizio
20160217 14:05:28 - Operation parameter is wrongs, values admissable are U or I
20160217 14:29:11 - Operation parameter is wrongs, values admissable are U or I
20160217 14:37:46 - successfully sent the mail: Chainbreaker fabrizio
20160217 14:48:05 - Operation parameter is wrongs, values admissable are U or I
20160217 14:51:04 - successfully sent the mail: iParser fabrizio
20160217 15:06:04 - successfully sent the mail: Chainbreaker fabrizio
20160217 15:12:51 - Operation parameter is wrongs, values admissable are U or I
20160217 15:36:37 - successfully sent the mail: iParser fabrizio
20160217 15:37:21 - Operation parameter is wrongs, values admissable are U or I
20160217 15:46:23 - successfully sent the mail: Chainbreaker fabrizio
20160217 16:44:56 - Operation parameter is wrongs, values admissable are U or I
20160217 16:54:05 - successfully sent the mail: fasfa fabrizio
20160217 16:55:36 - Operation parameter is wrong, values admissable are U or I, value=P
20160217 17:14:39 - successfully sent the mail: fasfa fabrizio
20160217 17:22:50 - successfully sent the mail: Chainbreaker fabrizio
20160218 10:03:46 - successfully sent the mail: tracktrack fabrizio
20160218 10:46:41 - failed to send the approval mail: TracksInspector fabrizio
20160218 10:53:14 - successfully sent the approval mail: TracksInspector fabrizio
20160218 11:14:20 - successfully sent the approval mail: tracktrack fabrizio
20160218 12:53:51 - successfully sent the mail: Chainbreaker fabrizio
20160218 12:55:27 - successfully sent the mail: tracksinspector fabrizio
20160218 13:47:15 - successfully sent the approval mail: Chainbreaker Fabri_name
20160218 13:47:15 - successfully sent the approval mail: tracksinspector fabrizio
20160218 14:19:30 - Operation parameter is wrong, values admissable are U or I, value=fabrizio.turchi@ittig.cnr.it
20160218 14:19:37 - successfully sent the approval mail: Tracks Inspector
20160218 14:50:32 - Operation parameter is wrong, values admissable are U or I, value=fabrizio.turchi@ittig.cnr.it
20160218 14:51:47 - successfully sent the mail: fasfa fabrizio
20160218 14:55:10 - Operation parameter is wrong, values admissable are U or I, value=fabrizio.turchi@ittig.cnr.it
20160218 14:56:57 - successfully sent the mail: Office Plist Parser fabrizio
20160218 15:08:09 - Operation parameter is wrong, values admissable are U or I, value=fabrizio
20160218 15:08:16 - successfully sent the approval mail: Office Plist Parser *FABRI* fabrizio
20160218 15:08:16 - successfully sent the approval mail: Spotlight Inspector *FABRI* fabrizio
20160218 15:08:16 - successfully sent the approval mail: felix the cat fabrizio
20160218 15:08:16 - successfully sent the approval mail: IOReg Info fabrizio
20160218 15:16:14 - successfully sent the mail: Audit fabrizio
20160218 15:17:23 - successfully sent the mail: topolino fabrizio
20160218 15:17:28 - successfully sent the approval mail: topolino fabrizio
20160218 15:17:28 - successfully sent the approval mail: Audit * FABRI * fabrizio
20160218 15:18:42 - successfully sent the mail: Dump Torrent fabrizio
20160218 15:19:07 - successfully sent the mail: Kazalyser fabrizio
20160218 15:19:12 - successfully sent the approval mail: Dump Torrent ++pkpoè poikèop fabrizio
20160218 15:19:12 - successfully sent the approval mail: Kazalyser kjhjhjkhjk fabrizio
20160218 23:30:04 - successfully sent the mail: pippone fabrizio
20160218 23:30:18 - successfully sent the approval mail: pippone fabrizio
20160220 13:30:24 - successfully sent the mail: Audit fabrizio
20160221 19:28:50 - failed to send the mail: Chainbreaker delfinofabri
20160221 19:32:01 - Usage: ./dfte.send.mail.ssl.py toolName user userEmail operation ltsEmailAdmins
20160221 19:33:13 - successfully sent the mail: chainchain delfinofabri
20160221 19:38:17 - failed to send the mail: Find Any File delfinofabri
20160221 19:42:20 - failed to send the mail: iParser delfinofabri fabrizio.turchi@gmail.com U , 
20160221 19:44:39 - successfully sent the mail: OSX Plist Parser delfinofabri
20160221 19:49:23 - successfully sent the mail: Dropbox Decryptor delfinofabri fabrizio.turchi@gmail.com U fabrizio.turchi@ittig.cnr.it, giuseppina.sabato@ittig.cnr.it
20160221 19:55:41 - successfully sent the mail: Dropbox Decryptor delfinofabri fabrizio.turchi@gmail.com U fabrizio.turchi@ittig.cnr.it, giuseppina.sabato@ittig.cnr.it
20160221 19:56:49 - successfully sent the mail: Dropbox Decryptor delfinofabri fabrizio.turchi@gmail.com U giuseppina.sabato@ittig.cnr.it, fabrizio.turchi@ittig.cnr.it
20160221 19:57:04 - successfully sent the mail: Dropbox Decryptor delfinofabri fabrizio.turchi@gmail.com U giuseppina.sabato@ittig.cnr.it,fabrizio.turchi@ittig.cnr.it
20160221 20:00:40 - successfully sent the mail: Dropbox Decryptor delfinofabri fabrizio.turchi@gmail.com U giuseppina.sabato@ittig.cnr.it,fabrizio.turchi@ittig.cnr.it
20160221 22:18:55 - successfully sent the mail: Dropbox Decryptor delfinofabri fabrizio.turchi@gmail.com U giuseppina.sabato@ittig.cnr.it, fabrizio.turchi@ittig.cnr.it
20160221 22:27:21 - failed to send the mail: Dropbox Decryptor delfinofabri fabrizio.turchi@gmail.com U giuseppina.sabato@ittig.cnr.it, fabrizio.turchi@ittig.cnr.it
20160221 22:28:35 - successfully sent the mail: Dropbox Decryptor delfinofabri fabrizio.turchi@gmail.com U giuseppina.sabato@ittig.cnr.it,fabrizio.turchi@ittig.cnr.it
20160221 22:54:06 - successfully sent the mail: Dropbox Decryptor delfinofabri fabrizio.turchi@gmail.com U giuseppina.sabato@ittig.cnr.it
20160221 22:58:01 - successfully sent the mail: Chat Examiner delfinofabri fabrizio.turchi@gmail.com U fabrizio.turchi@ittig.cnr.it
20160221 22:58:01 - successfully sent the mail: Chat Examiner delfinofabri fabrizio.turchi@gmail.com U giuseppina.sabato@ittig.cnr.it
20160222 09:37:55 - successfully sent the approval mail: Chainbreaker *DELFINOFABRI* delfinofabri
20160222 09:37:55 - successfully sent the approval mail: Find Any File * FABRI* delfinofabri
20160222 09:37:55 - successfully sent the approval mail: Chat Examiner ***FABRI delfinofabri
20160222 09:37:55 - successfully sent the approval mail: OSX Plist Parser * PIPPI * delfinofabri
20160222 09:37:55 - successfully sent the approval mail: Dropbox Decryptor *dicchè* delfinofabri
20160222 09:37:55 - successfully sent the approval mail: iParser *DELFINO* delfinofabri
20160222 09:37:55 - successfully sent the approval mail: Audit - FABRI fabrizio
20160222 09:50:38 - successfully sent the mail: Chainbreaker fabrizio fabrizio.turchi@ittig.cnr.it U fabrizio.turchi@ittig.cnr.it
20160222 09:50:43 - successfully sent the approval mail: Chainbreaker *FABRI* fabrizio
20160222 10:12:21 - successfully sent the mail: Audit fabrizio fabrizio.turchi@ittig.cnr.it U fabrizio.turchi@ittig.cnr.it
20160222 10:12:25 - successfully sent the approval mail: Audit * FABABABA fabrizio
20160222 10:16:49 - successfully sent the mail: pippone fabrizio fabrizio.turchi@ittig.cnr.it I fabrizio.turchi@ittig.cnr.it
20160222 10:19:12 - successfully sent the mail: giuggiolone fabrizio fabrizio.turchi@ittig.cnr.it I fabrizio.turchi@ittig.cnr.it
20160222 10:23:08 - successfully sent the mail: huihui fabrizio fabrizio.turchi@ittig.cnr.it I fabrizio.turchi@ittig.cnr.it
20160222 10:23:39 - successfully sent the approval mail: huihui fabrizio
20160222 10:25:11 - successfully sent the approval mail: giuggiolone fabrizio
20160222 10:30:45 - successfully sent the approval mail: pippone fabrizio
20160222 10:51:07 - successfully sent the mail: Audit fabrizio fabrizio.turchi@ittig.cnr.it U fabrizio.turchi@ittig.cnr.it
20160222 10:51:12 - successfully sent the approval mail: Audit *FABRI* fabrizio
20160222 10:59:04 - successfully sent the mail: Audit fabrizio fabrizio.turchi@ittig.cnr.it U fabrizio.turchi@ittig.cnr.it
20160222 11:00:15 - successfully sent the approval mail: Audit *FABRI* fabrizio
20160222 11:06:48 - successfully sent the mail: Audit fabrizio fabrizio.turchi@ittig.cnr.it U fabrizio.turchi@ittig.cnr.it
20160222 11:06:52 - successfully sent the approval mail: Audit * fabri* fabrizio
20160222 11:12:34 - successfully sent the mail: Audit fabrizio fabrizio.turchi@ittig.cnr.it U fabrizio.turchi@ittig.cnr.it
20160222 11:12:45 - successfully sent the approval mail: Audit * fabri * fabrizio
20160301 10:49:46 - successfully sent the mail: Chainbreaker fabrizio fabrizio.turchi@ittig.cnr.it U fabrizio.turchi@ittig.cnr.it
20160303 16:08:16 - successfully sent the mail: Audit sonia sonia.pezzolini@gmail.com U fabrizio.turchi@ittig.cnr.it
20160303 16:09:11 - successfully sent the approval mail: Audit sonia
20160311 09:02:43 - Operation parameter is wrong, values admissable are U or I, value=fabrizio.turchi@ittig.cnr.it
20160311 09:02:48 - successfully sent the approval mail: Tracks Inspector fabrizio
20160312 19:26:22 - successfully sent the mail: fabri fabrizio fabrizio.turchi@ittig.cnr.it I fabrizio.turchi@ittig.cnr.it
20160312 19:26:29 - successfully sent the approval mail: fabri fabrizio
20160312 19:27:11 - successfully sent the mail: Spotlight Inspector fabrizio fabrizio.turchi@ittig.cnr.it U fabrizio.turchi@ittig.cnr.it
20160318 17:51:46 - failed to send the mail: nirsoft fabrizio fabrizio.turchi@ittig.cnr.it I fabrizio.turchi@ittig.cnr.it
20160318 17:59:11 - failed to send the mail: AHJP HFS+ Journal Parser fabrizio fabrizio.turchi@ittig.cnr.it U fabrizio.turchi@ittig.cnr.it
20160318 17:59:31 - failed to send the mail: MFT Parser fabrizio fabrizio.turchi@ittig.cnr.it U fabrizio.turchi@ittig.cnr.it
20160321 15:37:50 - successfully sent the mail: AHJP HFS+ Journal Parser fabrizio fabrizio.turchi@ittig.cnr.it U fabrizio.turchi@ittig.cnr.it
20160321 15:38:40 - successfully sent the mail: analyzeMFT fabrizio fabrizio.turchi@ittig.cnr.it U fabrizio.turchi@ittig.cnr.it
20160321 15:38:54 - successfully sent the mail: ANJP Free Edition fabrizio fabrizio.turchi@ittig.cnr.it U fabrizio.turchi@ittig.cnr.it
20160321 15:39:48 - successfully sent the mail: ANJP NTFS Journal Parser fabrizio fabrizio.turchi@ittig.cnr.it U fabrizio.turchi@ittig.cnr.it
20160321 15:40:44 - successfully sent the mail: Graphical Engine for NTFS Analysis fabrizio fabrizio.turchi@ittig.cnr.it U fabrizio.turchi@ittig.cnr.it
20160321 16:30:55 - successfully sent the mail: HFS Explorer fabrizio fabrizio.turchi@ittig.cnr.it U fabrizio.turchi@ittig.cnr.it
20160322 12:12:35 - failed to send the refusal mail: Graphical Engine for NTFS Analysis fabrizio
20160322 12:14:24 - failed to send the refusal mail: Graphical Engine for NTFS Analysis fabrizio
20160322 12:15:54 - successfully sent the refusal mail: HFS Explorer fabrizio
20160325 08:20:58 - Operation parameter is wrong, values admissable are U or I, value=fabri
20160325 08:20:58 - Operation parameter is wrong, values admissable are U or I, value=fabri
20160325 08:40:05 - successfully sent the mail: aFabri fabrizio fabrizio.turchi@ittig.cnr.it I fabrizio.turchi@ittig.cnr.it
20160325 08:40:05 - successfully sent the mail: aFabri fabrizio fabrizio.turchi@ittig.cnr.it I mattia.epifani@ittig.cnr.it
20160325 09:07:28 - Usage: /Users/fabrizio/Documents/ittig/evidence/wp4/dft.editor/tools/dfte.send.mail.ssl.py toolName user userEmail operation ltsEmailAdmins
20160325 09:07:28 - Usage: /Users/fabrizio/Documents/ittig/evidence/wp4/dft.editor/tools/dfte.send.mail.ssl.py toolName user userEmail operation ltsEmailAdmins
20160325 09:09:24 - Usage: /Users/fabrizio/Documents/ittig/evidence/wp4/dft.editor/tools/dfte.send.mail.ssl.py toolName user userEmail operation ltsEmailAdmins
20160325 09:09:24 - Usage: /Users/fabrizio/Documents/ittig/evidence/wp4/dft.editor/tools/dfte.send.mail.ssl.py toolName user userEmail operation ltsEmailAdmins
20160325 09:10:21 - successfully sent the mail: c Fabri fabrizio fabrizio.turchi@ittig.cnr.it I fabrizio.turchi@ittig.cnr.it
20160325 09:10:21 - successfully sent the mail: c Fabri fabrizio fabrizio.turchi@ittig.cnr.it I mattia.epifani@ittig.cnr.it
20160325 09:11:39 - successfully sent the mail: d fabri fabrizio fabrizio.turchi@ittig.cnr.it I mattia.epifani@ittig.cnr.it
20160325 09:11:39 - successfully sent the mail: d fabri fabrizio fabrizio.turchi@ittig.cnr.it I fabrizio.turchi@ittig.cnr.it
20160804 10:24:55 - successfully sent the mail:  Parse fabrizio fabrizio.turchi@ittig.cnr.it U fabrizio.turchi@ittig.cnr.it
20160804 10:24:55 - successfully sent the mail:  Parse fabrizio fabrizio.turchi@ittig.cnr.it U mattia.epifani@ittig.cnr.it
20170307 16:31:42 - successfully sent the mail: Alien Registry Viewer fabrizio fabrizio.turchi@ittig.cnr.it U fabrizio.turchi@ittig.cnr.it
20170307 16:31:42 - successfully sent the mail: Alien Registry Viewer fabrizio fabrizio.turchi@ittig.cnr.it U mattia.epifani@ittig.cnr.it
20170307 16:36:25 - successfully sent the mail: AmcacheParser fabrizio fabrizio.turchi@ittig.cnr.it U fabrizio.turchi@ittig.cnr.it
20170307 16:36:25 - successfully sent the mail: AmcacheParser fabrizio fabrizio.turchi@ittig.cnr.it U mattia.epifani@ittig.cnr.it
20170307 16:38:45 - successfully sent the mail: EMF Explorer fabrizio fabrizio.turchi@ittig.cnr.it U fabrizio.turchi@ittig.cnr.it
20170307 16:38:45 - successfully sent the mail: EMF Explorer fabrizio fabrizio.turchi@ittig.cnr.it U mattia.epifani@ittig.cnr.it
20170307 16:43:08 - successfully sent the mail: ESEDatabaseView fabrizio fabrizio.turchi@ittig.cnr.it U fabrizio.turchi@ittig.cnr.it
20170307 16:43:08 - successfully sent the mail: ESEDatabaseView fabrizio fabrizio.turchi@ittig.cnr.it U mattia.epifani@ittig.cnr.it
20170307 16:48:48 - successfully sent the mail: EMF Printer Spool File Viewer fabrizio fabrizio.turchi@ittig.cnr.it U fabrizio.turchi@ittig.cnr.it
20170307 16:48:48 - successfully sent the mail: EMF Printer Spool File Viewer fabrizio fabrizio.turchi@ittig.cnr.it U mattia.epifani@ittig.cnr.it
20170307 16:52:39 - successfully sent the mail: EMF Printer Spool File Viewer fabrizio fabrizio.turchi@ittig.cnr.it U fabrizio.turchi@ittig.cnr.it
20170307 16:52:39 - successfully sent the mail: EMF Printer Spool File Viewer fabrizio fabrizio.turchi@ittig.cnr.it U mattia.epifani@ittig.cnr.it
20170307 16:52:45 - successfully sent the mail: Forensic Scanner fabrizio fabrizio.turchi@ittig.cnr.it U fabrizio.turchi@ittig.cnr.it
20170307 16:52:45 - successfully sent the mail: Forensic Scanner fabrizio fabrizio.turchi@ittig.cnr.it U mattia.epifani@ittig.cnr.it
20170307 16:52:56 - successfully sent the mail: Forensic Scanner fabrizio fabrizio.turchi@ittig.cnr.it U mattia.epifani@ittig.cnr.it
20170307 16:52:56 - successfully sent the mail: Forensic Scanner fabrizio fabrizio.turchi@ittig.cnr.it U fabrizio.turchi@ittig.cnr.it
20170307 16:53:02 - successfully sent the mail: Internet Evidence Finder fabrizio fabrizio.turchi@ittig.cnr.it U mattia.epifani@ittig.cnr.it
20170307 16:53:02 - successfully sent the mail: Internet Evidence Finder fabrizio fabrizio.turchi@ittig.cnr.it U fabrizio.turchi@ittig.cnr.it
20170308 14:45:36 - successfully sent the mail: EVTXtract fabrizio fabrizio.turchi@ittig.cnr.it U fabrizio.turchi@ittig.cnr.it
20170308 14:48:27 - successfully sent the mail: Computer Account Forensic Artifact Extractor (cafae) fabrizio fabrizio.turchi@ittig.cnr.it U fabrizio.turchi@ittig.cnr.it
20170308 14:51:23 - successfully sent the mail: AppCompatCacheParser fabrizio fabrizio.turchi@ittig.cnr.it U fabrizio.turchi@ittig.cnr.it
20170308 15:00:48 - successfully sent the mail: ExecutedProgramsList fabrizio fabrizio.turchi@ittig.cnr.it U fabrizio.turchi@ittig.cnr.it
20170308 15:02:36 - successfully sent the mail: FRED - Forensic Registry Editor fabrizio fabrizio.turchi@ittig.cnr.it U fabrizio.turchi@ittig.cnr.it
20170308 15:03:44 - successfully sent the mail: FixEvt fabrizio fabrizio.turchi@ittig.cnr.it U fabrizio.turchi@ittig.cnr.it
20170308 15:05:26 - successfully sent the mail: FixEvt fabrizio fabrizio.turchi@ittig.cnr.it U fabrizio.turchi@ittig.cnr.it
20170308 15:05:53 - successfully sent the mail: GrokEVT fabrizio fabrizio.turchi@ittig.cnr.it U fabrizio.turchi@ittig.cnr.it
20170308 15:13:34 - successfully sent the mail: JLECmd fabrizio fabrizio.turchi@ittig.cnr.it U fabrizio.turchi@ittig.cnr.it
20170308 15:17:50 - successfully sent the mail: NTDSXtract fabrizio fabrizio.turchi@ittig.cnr.it U fabrizio.turchi@ittig.cnr.it
20170308 15:20:19 - successfully sent the mail: Active Password Changer fabrizio fabrizio.turchi@ittig.cnr.it U fabrizio.turchi@ittig.cnr.it
20170308 15:21:16 - successfully sent the mail: 4n6time fabrizio fabrizio.turchi@ittig.cnr.it U fabrizio.turchi@ittig.cnr.it
20170308 15:21:38 - successfully sent the mail: 4n6time fabrizio fabrizio.turchi@ittig.cnr.it U fabrizio.turchi@ittig.cnr.it
20170308 15:23:38 - successfully sent the mail: 4n6time fabrizio fabrizio.turchi@ittig.cnr.it U fabrizio.turchi@ittig.cnr.it
20170308 15:24:11 - successfully sent the mail: 010 Editor fabrizio fabrizio.turchi@ittig.cnr.it U fabrizio.turchi@ittig.cnr.it
20170308 15:35:20 - successfully sent the mail: 010 Editor fabrizio fabrizio.turchi@ittig.cnr.it U fabrizio.turchi@ittig.cnr.it
20170308 15:35:30 - successfully sent the mail: 010 Editor fabrizio fabrizio.turchi@ittig.cnr.it U fabrizio.turchi@ittig.cnr.it
20170308 15:38:04 - successfully sent the mail: NTDSXtract fabrizio fabrizio.turchi@ittig.cnr.it U fabrizio.turchi@ittig.cnr.it
20170308 15:40:45 - successfully sent the mail: Advanced Windows Prefetch Analyzer fabrizio fabrizio.turchi@ittig.cnr.it U fabrizio.turchi@ittig.cnr.it
20170308 15:44:18 - successfully sent the mail: DMThumbs fabrizio fabrizio.turchi@ittig.cnr.it U fabrizio.turchi@ittig.cnr.it
20170308 16:03:33 - successfully sent the mail: Event Log Explorer fabrizio fabrizio.turchi@ittig.cnr.it U fabrizio.turchi@ittig.cnr.it
20170308 16:33:36 - successfully sent the mail: EseDbViewer fabrizio fabrizio.turchi@ittig.cnr.it U fabrizio.turchi@ittig.cnr.it
20170308 16:44:57 - successfully sent the mail: Forensic User Info fabrizio fabrizio.turchi@ittig.cnr.it U fabrizio.turchi@ittig.cnr.it
20170308 16:48:20 - successfully sent the mail: Dropbox Decryptor fabrizio fabrizio.turchi@ittig.cnr.it U fabrizio.turchi@ittig.cnr.it
20170308 16:53:29 - successfully sent the mail: Internet Examiner Toolkit fabrizio fabrizio.turchi@ittig.cnr.it U fabrizio.turchi@ittig.cnr.it
20170308 16:56:57 - successfully sent the mail: FBCacheView fabrizio fabrizio.turchi@ittig.cnr.it U fabrizio.turchi@ittig.cnr.it
20170308 17:01:29 - successfully sent the mail: Internet Evidence Finder fabrizio fabrizio.turchi@ittig.cnr.it U fabrizio.turchi@ittig.cnr.it
20170308 17:10:33 - successfully sent the mail: Browser History Capturer fabrizio fabrizio.turchi@ittig.cnr.it U fabrizio.turchi@ittig.cnr.it
20170308 17:12:27 - successfully sent the mail: Browser History Spy fabrizio fabrizio.turchi@ittig.cnr.it U fabrizio.turchi@ittig.cnr.it
20170308 17:13:23 - successfully sent the mail: Chrome Forensics fabrizio fabrizio.turchi@ittig.cnr.it U fabrizio.turchi@ittig.cnr.it
20170308 21:06:39 - failed to send the mail: Browser History Viewer fabrizio fabrizio.turchi@ittig.cnr.it U fabrizio.turchi@ittig.cnr.it
20170308 21:08:17 - failed to send the mail: EDT fabrizio fabrizio.turchi@ittig.cnr.it U fabrizio.turchi@ittig.cnr.it
20170308 21:13:04 - successfully sent the mail: 7-Zip fabrizio fabrizio.turchi@ittig.cnr.it U fabrizio.turchi@ittig.cnr.it
20170308 21:13:46 - successfully sent the mail: Adobe Reader fabrizio fabrizio.turchi@ittig.cnr.it U fabrizio.turchi@ittig.cnr.it
20170308 21:17:43 - successfully sent the mail: ACDSee fabrizio fabrizio.turchi@ittig.cnr.it U fabrizio.turchi@ittig.cnr.it
20170308 21:23:05 - successfully sent the mail: BKF Viewer fabrizio fabrizio.turchi@ittig.cnr.it U fabrizio.turchi@ittig.cnr.it
20170308 21:23:45 - successfully sent the mail: ADEL - Android Data Extractor Lite fabrizio fabrizio.turchi@ittig.cnr.it U fabrizio.turchi@ittig.cnr.it
20170308 21:25:14 - successfully sent the mail: Aid4Mail fabrizio fabrizio.turchi@ittig.cnr.it U fabrizio.turchi@ittig.cnr.it
20170308 21:30:28 - successfully sent the mail: Instant Messaging History Browser fabrizio fabrizio.turchi@ittig.cnr.it U fabrizio.turchi@ittig.cnr.it
20170308 21:31:33 - successfully sent the mail: LiveContactsView fabrizio fabrizio.turchi@ittig.cnr.it U fabrizio.turchi@ittig.cnr.it
20170308 21:34:56 - successfully sent the mail: Skype Freak fabrizio fabrizio.turchi@ittig.cnr.it U fabrizio.turchi@ittig.cnr.it
20170308 21:36:16 - successfully sent the mail: Skype History Viewer fabrizio fabrizio.turchi@ittig.cnr.it U fabrizio.turchi@ittig.cnr.it
20170308 21:40:50 - successfully sent the mail: Skype Parser fabrizio fabrizio.turchi@ittig.cnr.it U fabrizio.turchi@ittig.cnr.it
20170308 21:48:11 - successfully sent the mail: Internet Examiner Toolkit fabrizio fabrizio.turchi@ittig.cnr.it U fabrizio.turchi@ittig.cnr.it
20170308 21:50:16 - successfully sent the mail: 4n6-scripts fabrizio fabrizio.turchi@ittig.cnr.it U fabrizio.turchi@ittig.cnr.it
20170308 21:50:53 - successfully sent the mail: Elcomsoft Phone Viewer fabrizio fabrizio.turchi@ittig.cnr.it U fabrizio.turchi@ittig.cnr.it
20170308 21:56:07 - successfully sent the mail: Internet Evidence Finder fabrizio fabrizio.turchi@ittig.cnr.it U fabrizio.turchi@ittig.cnr.it
20170308 21:56:36 - successfully sent the mail: Device Seizure fabrizio fabrizio.turchi@ittig.cnr.it U fabrizio.turchi@ittig.cnr.it
20170308 21:58:32 - successfully sent the mail: AnySQL Maestro fabrizio fabrizio.turchi@ittig.cnr.it U fabrizio.turchi@ittig.cnr.it
20170308 22:01:03 - successfully sent the mail: Database Browser fabrizio fabrizio.turchi@ittig.cnr.it U fabrizio.turchi@ittig.cnr.it
20170308 22:05:40 - successfully sent the mail: Andriller fabrizio fabrizio.turchi@ittig.cnr.it U fabrizio.turchi@ittig.cnr.it
20170309 10:07:27 - successfully sent the mail: FBCacheView fabrizio fabrizio.turchi@ittig.cnr.it U fabrizio.turchi@ittig.cnr.it
20170309 10:08:55 - successfully sent the mail: Internet Evidence Finder fabrizio fabrizio.turchi@ittig.cnr.it U fabrizio.turchi@ittig.cnr.it
20170309 10:09:28 - successfully sent the mail:  Parse fabrizio fabrizio.turchi@ittig.cnr.it U fabrizio.turchi@ittig.cnr.it
20170309 10:15:12 - successfully sent the mail: Alien Registry Viewer fabrizio fabrizio.turchi@ittig.cnr.it U fabrizio.turchi@ittig.cnr.it
20170309 10:31:32 - successfully sent the mail: AmcacheParser fabrizio fabrizio.turchi@ittig.cnr.it U fabrizio.turchi@ittig.cnr.it
20170309 10:39:11 - successfully sent the mail: Advanced Windows Prefetch Analyzer fabrizio fabrizio.turchi@ittig.cnr.it U fabrizio.turchi@ittig.cnr.it
20170309 11:31:22 - successfully sent the mail: AppCompatCacheParser fabrizio fabrizio.turchi@ittig.cnr.it U fabrizio.turchi@ittig.cnr.it
20170309 11:34:52 - successfully sent the mail: Cold Disk Quick Response fabrizio fabrizio.turchi@ittig.cnr.it U fabrizio.turchi@ittig.cnr.it
20170309 11:38:25 - successfully sent the mail: Computer Account Forensic Artifact Extractor (cafae) fabrizio fabrizio.turchi@ittig.cnr.it U fabrizio.turchi@ittig.cnr.it
20170309 11:40:24 - successfully sent the mail: DMThumbs fabrizio fabrizio.turchi@ittig.cnr.it U fabrizio.turchi@ittig.cnr.it
20170309 11:45:36 - successfully sent the mail: EMF Explorer fabrizio fabrizio.turchi@ittig.cnr.it U fabrizio.turchi@ittig.cnr.it
20170309 13:35:39 - successfully sent the mail: FABRI 1 fabrizio fabrizio.turchi@ittig.cnr.it I fabrizio.turchi@ittig.cnr.it
